

============================== 2023-06-27 03:16:52.167394 | 0d6c0926-7677-4007-8ffe-685b091719ad ==============================
[0m03:16:52.167394 [info ] [MainThread]: Running with dbt=1.4.6
[0m03:16:52.169413 [debug] [MainThread]: running dbt with arguments {'write_json': True, 'use_colors': True, 'printer_width': 80, 'version_check': True, 'partial_parse': True, 'static_parser': True, 'profiles_dir': '/Users/toshihirotokuyama/.dbt', 'send_anonymous_usage_stats': True, 'quiet': False, 'no_print': False, 'cache_selected_only': False, 'skip_profile_setup': False, 'which': 'init', 'indirect_selection': 'eager'}
[0m03:16:52.169902 [debug] [MainThread]: Tracking: tracking
[0m03:16:52.204905 [debug] [MainThread]: Sending event: {'category': 'dbt', 'action': 'invocation', 'label': 'start', 'context': [<snowplow_tracker.self_describing_json.SelfDescribingJson object at 0x10cc77b80>, <snowplow_tracker.self_describing_json.SelfDescribingJson object at 0x10ce4db70>, <snowplow_tracker.self_describing_json.SelfDescribingJson object at 0x10ce4d570>]}
[0m03:16:52.206203 [info ] [MainThread]: Creating dbt configuration folder at /Users/toshihirotokuyama/.dbt
[0m03:17:06.147705 [debug] [MainThread]: Starter project path: /Users/toshihirotokuyama/.pyenv/versions/data_science_3_10_5/lib/python3.10/site-packages/dbt/include/starter_project
[0m03:18:40.104546 [info ] [MainThread]: Profile ecommerce written to /Users/toshihirotokuyama/.dbt/profiles.yml using target's profile_template.yml and your supplied values. Run 'dbt debug' to validate the connection.
[0m03:18:40.105154 [info ] [MainThread]: 
Your new dbt project "ecommerce" was created!

For more information on how to configure the profiles.yml file,
please consult the dbt documentation here:

  https://docs.getdbt.com/docs/configure-your-profile

One more thing:

Need help? Don't hesitate to reach out to us via GitHub issues or on Slack:

  https://community.getdbt.com/

Happy modeling!

[0m03:18:40.105635 [debug] [MainThread]: Sending event: {'category': 'dbt', 'action': 'invocation', 'label': 'end', 'context': [<snowplow_tracker.self_describing_json.SelfDescribingJson object at 0x10ce4dc30>, <snowplow_tracker.self_describing_json.SelfDescribingJson object at 0x12c2ee710>, <snowplow_tracker.self_describing_json.SelfDescribingJson object at 0x12c2ede70>]}
[0m03:18:40.106012 [debug] [MainThread]: Flushing usage events


============================== 2023-06-27 03:19:36.464494 | 45344352-c238-495b-9f8d-286f201fd77d ==============================
[0m03:19:36.464494 [info ] [MainThread]: Running with dbt=1.4.6
[0m03:19:36.466701 [debug] [MainThread]: running dbt with arguments {'write_json': True, 'use_colors': True, 'printer_width': 80, 'version_check': True, 'partial_parse': True, 'static_parser': True, 'profiles_dir': '/Users/toshihirotokuyama/.dbt', 'send_anonymous_usage_stats': True, 'quiet': False, 'no_print': False, 'cache_selected_only': False, 'config_dir': True, 'which': 'debug', 'indirect_selection': 'eager'}
[0m03:19:36.467057 [debug] [MainThread]: Tracking: tracking
[0m03:19:36.488109 [debug] [MainThread]: Sending event: {'category': 'dbt', 'action': 'invocation', 'label': 'start', 'context': [<snowplow_tracker.self_describing_json.SelfDescribingJson object at 0x1098a7310>, <snowplow_tracker.self_describing_json.SelfDescribingJson object at 0x1098a52a0>, <snowplow_tracker.self_describing_json.SelfDescribingJson object at 0x1098a5270>]}
[0m03:19:36.489129 [info ] [MainThread]: To view your profiles.yml file, run:

open /Users/toshihirotokuyama/.dbt
[0m03:19:36.489643 [debug] [MainThread]: Sending event: {'category': 'dbt', 'action': 'invocation', 'label': 'end', 'context': [<snowplow_tracker.self_describing_json.SelfDescribingJson object at 0x1098a7310>, <snowplow_tracker.self_describing_json.SelfDescribingJson object at 0x1098a5270>, <snowplow_tracker.self_describing_json.SelfDescribingJson object at 0x1098a50f0>]}
[0m03:19:36.489981 [debug] [MainThread]: Flushing usage events


============================== 2023-06-27 04:01:15.501633 | 86253cf4-4bc1-48f0-9697-7937907d9922 ==============================
[0m04:01:15.501633 [info ] [MainThread]: Running with dbt=1.4.6
[0m04:01:15.504157 [debug] [MainThread]: running dbt with arguments {'write_json': True, 'use_colors': True, 'printer_width': 80, 'version_check': True, 'partial_parse': True, 'static_parser': True, 'profiles_dir': '/Users/toshihirotokuyama/.dbt', 'send_anonymous_usage_stats': True, 'quiet': False, 'no_print': False, 'cache_selected_only': False, 'skip_profile_setup': False, 'which': 'init', 'indirect_selection': 'eager'}
[0m04:01:15.504485 [debug] [MainThread]: Tracking: tracking
[0m04:01:15.520983 [debug] [MainThread]: Sending event: {'category': 'dbt', 'action': 'invocation', 'label': 'start', 'context': [<snowplow_tracker.self_describing_json.SelfDescribingJson object at 0x103eb7130>, <snowplow_tracker.self_describing_json.SelfDescribingJson object at 0x103eb5300>, <snowplow_tracker.self_describing_json.SelfDescribingJson object at 0x103eb52a0>]}
[0m04:01:20.094639 [debug] [MainThread]: Starter project path: /Users/toshihirotokuyama/.pyenv/versions/data_science_3_10_5/lib/python3.10/site-packages/dbt/include/starter_project
[0m04:01:48.344328 [info ] [MainThread]: Profile ecommerce written to /Users/toshihirotokuyama/.dbt/profiles.yml using target's profile_template.yml and your supplied values. Run 'dbt debug' to validate the connection.
[0m04:01:48.344988 [info ] [MainThread]: 
Your new dbt project "ecommerce" was created!

For more information on how to configure the profiles.yml file,
please consult the dbt documentation here:

  https://docs.getdbt.com/docs/configure-your-profile

One more thing:

Need help? Don't hesitate to reach out to us via GitHub issues or on Slack:

  https://community.getdbt.com/

Happy modeling!

[0m04:01:48.345462 [debug] [MainThread]: Sending event: {'category': 'dbt', 'action': 'invocation', 'label': 'end', 'context': [<snowplow_tracker.self_describing_json.SelfDescribingJson object at 0x103eb7790>, <snowplow_tracker.self_describing_json.SelfDescribingJson object at 0x1233d1fc0>, <snowplow_tracker.self_describing_json.SelfDescribingJson object at 0x1233d2e30>]}
[0m04:01:48.345841 [debug] [MainThread]: Flushing usage events
[0m21:18:06.984576 [debug] [MainThread]: Sending event: {'category': 'dbt', 'action': 'invocation', 'label': 'start', 'context': [<snowplow_tracker.self_describing_json.SelfDescribingJson object at 0x10ad0ac50>, <snowplow_tracker.self_describing_json.SelfDescribingJson object at 0x10be4ed40>, <snowplow_tracker.self_describing_json.SelfDescribingJson object at 0x10be4e620>]}


============================== 21:18:06.991224 | 823c4f93-ceb3-4e5d-b5a4-595cd938ebb0 ==============================
[0m21:18:06.991224 [info ] [MainThread]: Running with dbt=1.5.2
[0m21:18:06.992038 [debug] [MainThread]: running dbt with arguments {'printer_width': '80', 'indirect_selection': 'eager', 'write_json': 'True', 'log_cache_events': 'False', 'partial_parse': 'True', 'cache_selected_only': 'False', 'profiles_dir': '/Users/toshihirotokuyama/.dbt', 'version_check': 'True', 'warn_error': 'None', 'log_path': 'logs', 'debug': 'False', 'fail_fast': 'False', 'use_colors': 'True', 'use_experimental_parser': 'False', 'no_print': 'None', 'quiet': 'False', 'warn_error_options': 'WarnErrorOptions(include=[], exclude=[])', 'introspect': 'True', 'static_parser': 'True', 'log_format': 'default', 'target_path': 'None', 'send_anonymous_usage_stats': 'True'}
[0m21:18:06.993154 [error] [MainThread]: Encountered an error:
Runtime Error
  No dbt_project.yml found at expected path /Users/toshihirotokuyama/Library/CloudStorage/Dropbox/programming/dbt-project/dbt_project.yml
  Verify that each entry within packages.yml (and their transitive dependencies) contains a file named dbt_project.yml
  
[0m21:18:06.994928 [debug] [MainThread]: Command `dbt clean` failed at 21:18:06.994227 after 0.06 seconds
[0m21:18:06.995547 [debug] [MainThread]: Sending event: {'category': 'dbt', 'action': 'invocation', 'label': 'end', 'context': [<snowplow_tracker.self_describing_json.SelfDescribingJson object at 0x10ad0ac50>, <snowplow_tracker.self_describing_json.SelfDescribingJson object at 0x10be4f130>, <snowplow_tracker.self_describing_json.SelfDescribingJson object at 0x10be4f100>]}
[0m21:18:06.996089 [debug] [MainThread]: Flushing usage events
